\BOOKMARK [1][-]{section.1}{\376\377\000I\000n\000t\000r\000o\000d\000u\000c\000t\000i\000o\000n}{}% 1
\BOOKMARK [1][-]{section.2}{\376\377\000S\000i\000t\000e\000\040\000A\000n\000a\000l\000y\000s\000i\000s\000\040\000R\000e\000p\000o\000r\000t}{}% 2
\BOOKMARK [2][-]{subsection.2.1}{\376\377\000L\000o\000c\000a\000t\000i\000o\000n\000\040\000O\000v\000e\000r\000v\000i\000e\000w}{section.2}% 3
\BOOKMARK [2][-]{subsection.2.2}{\376\377\000G\000e\000o\000g\000r\000a\000p\000h\000i\000c\000a\000l\000\040\000F\000e\000a\000t\000u\000r\000e\000s\000\040\000a\000n\000d\000\040\000C\000o\000v\000e\000r\000a\000g\000e\000\040\000C\000o\000n\000s\000i\000d\000e\000r\000a\000t\000i\000o\000n\000s}{section.2}% 4
\BOOKMARK [2][-]{subsection.2.3}{\376\377\000V\000i\000s\000u\000a\000l\000\040\000S\000i\000t\000e\000\040\000A\000n\000a\000l\000y\000s\000i\000s}{section.2}% 5
\BOOKMARK [1][-]{section.3}{\376\377\000S\000y\000s\000t\000e\000m\000\040\000P\000a\000r\000a\000m\000e\000t\000e\000r\000s\000\040\000a\000n\000d\000\040\000L\000i\000n\000k\000\040\000B\000u\000d\000g\000e\000t}{}% 6
\BOOKMARK [2][-]{subsection.3.1}{\376\377\0004\000G\000\040\000L\000T\000E\000\040\000S\000y\000s\000t\000e\000m\000\040\000P\000a\000r\000a\000m\000e\000t\000e\000r\000s}{section.3}% 7
\BOOKMARK [2][-]{subsection.3.2}{\376\377\000M\000a\000x\000i\000m\000u\000m\000\040\000P\000a\000t\000h\000\040\000L\000o\000s\000s\000\040\000C\000a\000l\000c\000u\000l\000a\000t\000i\000o\000n}{section.3}% 8
\BOOKMARK [1][-]{section.4}{\376\377\0003\000G\000P\000P\000\040\000T\000R\000\040\0003\0008\000.\0009\0000\0001\000\040\000P\000a\000t\000h\000\040\000L\000o\000s\000s\000\040\000M\000o\000d\000e\000l\000s}{}% 9
\BOOKMARK [2][-]{subsection.4.1}{\376\377\000E\000f\000f\000e\000c\000t\000i\000v\000e\000\040\000H\000e\000i\000g\000h\000t\000s\000\040\000a\000n\000d\000\040\000B\000r\000e\000a\000k\000p\000o\000i\000n\000t\000\040\000D\000i\000s\000t\000a\000n\000c\000e}{section.4}% 10
\BOOKMARK [2][-]{subsection.4.2}{\376\377\000U\000r\000b\000a\000n\000\040\000M\000a\000c\000r\000o\000c\000e\000l\000l\000\040\000\050\000U\000M\000a\000\051\000\040\040\024\000\040\000L\000O\000S}{section.4}% 11
\BOOKMARK [2][-]{subsection.4.3}{\376\377\000U\000r\000b\000a\000n\000\040\000M\000a\000c\000r\000o\000c\000e\000l\000l\000\040\000\050\000U\000M\000a\000\051\000\040\040\024\000\040\000N\000L\000O\000S}{section.4}% 12
\BOOKMARK [2][-]{subsection.4.4}{\376\377\000U\000r\000b\000a\000n\000\040\000M\000i\000c\000r\000o\000c\000e\000l\000l\000\040\000\050\000U\000M\000i\000\051\000\040\000S\000t\000r\000e\000e\000t\000\040\000C\000a\000n\000y\000o\000n\000\040\040\024\000\040\000L\000O\000S}{section.4}% 13
\BOOKMARK [2][-]{subsection.4.5}{\376\377\000U\000r\000b\000a\000n\000\040\000M\000i\000c\000r\000o\000c\000e\000l\000l\000\040\000\050\000U\000M\000i\000\051\000\040\000S\000t\000r\000e\000e\000t\000\040\000C\000a\000n\000y\000o\000n\000\040\040\024\000\040\000N\000L\000O\000S}{section.4}% 14
\BOOKMARK [2][-]{subsection.4.6}{\376\377\000R\000u\000r\000a\000l\000\040\000M\000a\000c\000r\000o\000c\000e\000l\000l\000\040\000\050\000R\000M\000a\000\051\000\040\040\024\000\040\000L\000O\000S}{section.4}% 15
\BOOKMARK [2][-]{subsection.4.7}{\376\377\000R\000u\000r\000a\000l\000\040\000M\000a\000c\000r\000o\000c\000e\000l\000l\000\040\000\050\000R\000M\000a\000\051\000\040\040\024\000\040\000N\000L\000O\000S}{section.4}% 16
\BOOKMARK [1][-]{section.5}{\376\377\000P\000a\000t\000h\000\040\000L\000o\000s\000s\000\040\000M\000o\000d\000e\000l\000\040\000S\000e\000l\000e\000c\000t\000i\000o\000n\000\040\000a\000n\000d\000\040\000J\000u\000s\000t\000i\000f\000i\000c\000a\000t\000i\000o\000n}{}% 17
\BOOKMARK [2][-]{subsection.5.1}{\376\377\000W\000h\000y\000\040\000U\000M\000a\000\040\000f\000o\000r\000\040\000K\000a\000g\000a\000l\000?}{section.5}% 18
\BOOKMARK [2][-]{subsection.5.2}{\376\377\000W\000h\000y\000\040\000N\000L\000O\000S\000\040\000f\000o\000r\000\040\000C\000o\000n\000s\000e\000r\000v\000a\000t\000i\000v\000e\000\040\000P\000l\000a\000n\000n\000i\000n\000g\000?}{section.5}% 19
\BOOKMARK [2][-]{subsection.5.3}{\376\377\000S\000u\000p\000p\000l\000e\000m\000e\000n\000t\000a\000r\000y\000\040\000M\000o\000d\000e\000l\000s}{section.5}% 20
\BOOKMARK [1][-]{section.6}{\376\377\000T\000e\000n\000t\000a\000t\000i\000v\000e\000\040\000D\000e\000s\000i\000g\000n\000\040\000B\000a\000s\000e\000d\000\040\000o\000n\000\040\000D\000/\000R\000\040\000R\000a\000t\000i\000o}{}% 21
\BOOKMARK [1][-]{section.7}{\376\377\000C\000a\000l\000c\000u\000l\000a\000t\000i\000o\000n\000\040\000o\000f\000\040\000M\000a\000x\000i\000m\000u\000m\000\040\000C\000e\000l\000l\000\040\000R\000a\000d\000i\000u\000s\000\040\000\050\000R\000m\000a\000x\000\051}{}% 22
\BOOKMARK [2][-]{subsection.7.1}{\376\377\000A\000l\000g\000e\000b\000r\000a\000i\000c\000\040\000S\000o\000l\000u\000t\000i\000o\000n\000\040\000f\000r\000o\000m\000\040\000U\000M\000a\000\040\000N\000L\000O\000S}{section.7}% 23
\BOOKMARK [2][-]{subsection.7.2}{\376\377\000V\000e\000r\000i\000f\000i\000c\000a\000t\000i\000o\000n}{section.7}% 24
\BOOKMARK [2][-]{subsection.7.3}{\376\377\000C\000o\000m\000p\000a\000r\000i\000s\000o\000n\000\040\000o\000f\000\040\000R\000m\000a\000x\000\040\000A\000c\000r\000o\000s\000s\000\040\000M\000o\000d\000e\000l\000s}{section.7}% 25
\BOOKMARK [1][-]{section.8}{\376\377\000N\000e\000t\000w\000o\000r\000k\000\040\000D\000e\000s\000i\000g\000n\000\040\000a\000n\000d\000\040\000C\000e\000l\000l\000\040\000P\000l\000a\000n\000n\000i\000n\000g}{}% 26
\BOOKMARK [2][-]{subsection.8.1}{\376\377\000D\000e\000s\000i\000g\000n\000\040\000P\000h\000i\000l\000o\000s\000o\000p\000h\000y}{section.8}% 27
\BOOKMARK [2][-]{subsection.8.2}{\376\377\000P\000r\000o\000p\000o\000s\000e\000d\000\040\000C\000e\000l\000l\000\040\000S\000i\000t\000e\000s}{section.8}% 28
\BOOKMARK [2][-]{subsection.8.3}{\376\377\000C\000o\000v\000e\000r\000a\000g\000e\000\040\000A\000r\000e\000a\000\040\000p\000e\000r\000\040\000S\000i\000t\000e}{section.8}% 29
\BOOKMARK [1][-]{section.9}{\376\377\000N\000e\000t\000w\000o\000r\000k\000\040\000V\000e\000r\000i\000f\000i\000c\000a\000t\000i\000o\000n\000\040\000a\000n\000d\000\040\000I\000t\000e\000r\000a\000t\000i\000o\000n\000s}{}% 30
\BOOKMARK [2][-]{subsection.9.1}{\376\377\000I\000t\000e\000r\000a\000t\000i\000o\000n\000\040\0001\000:\000\040\000I\000n\000i\000t\000i\000a\000l\000\040\000D\000e\000s\000i\000g\000n\000\040\000\050\0003\000\040\000S\000i\000t\000e\000s\000\051}{section.9}% 31
\BOOKMARK [2][-]{subsection.9.2}{\376\377\000I\000t\000e\000r\000a\000t\000i\000o\000n\000\040\0002\000:\000\040\000R\000e\000v\000i\000s\000e\000d\000\040\000D\000e\000s\000i\000g\000n\000\040\000\050\0005\000\040\000S\000i\000t\000e\000s\000\051}{section.9}% 32
\BOOKMARK [2][-]{subsection.9.3}{\376\377\000I\000t\000e\000r\000a\000t\000i\000o\000n\000\040\0003\000:\000\040\000O\000p\000t\000i\000m\000i\000s\000a\000t\000i\000o\000n}{section.9}% 33
\BOOKMARK [1][-]{section.10}{\376\377\000P\000a\000t\000h\000\040\000L\000o\000s\000s\000\040\000a\000t\000\040\000C\000e\000l\000l\000\040\000B\000o\000u\000n\000d\000a\000r\000i\000e\000s}{}% 34
\BOOKMARK [1][-]{section.11}{\376\377\000M\000i\000c\000r\000o\000c\000e\000l\000l\000\040\000a\000n\000d\000\040\000U\000m\000b\000r\000e\000l\000l\000a\000\040\000C\000e\000l\000l\000\040\000J\000u\000s\000t\000i\000f\000i\000c\000a\000t\000i\000o\000n}{}% 35
\BOOKMARK [2][-]{subsection.11.1}{\376\377\000M\000i\000c\000r\000o\000c\000e\000l\000l\000\040\000D\000e\000p\000l\000o\000y\000m\000e\000n\000t}{section.11}% 36
\BOOKMARK [3][-]{subsubsection.11.1.1}{\376\377\000J\000u\000s\000t\000i\000f\000i\000c\000a\000t\000i\000o\000n}{subsection.11.1}% 37
\BOOKMARK [3][-]{subsubsection.11.1.2}{\376\377\000U\000M\000i\000\040\000N\000L\000O\000S\000\040\000P\000a\000t\000h\000\040\000L\000o\000s\000s\000\040\000a\000t\000\040\000M\000i\000c\000r\000o\000c\000e\000l\000l\000\040\000E\000d\000g\000e}{subsection.11.1}% 38
\BOOKMARK [2][-]{subsection.11.2}{\376\377\000U\000m\000b\000r\000e\000l\000l\000a\000\040\000C\000e\000l\000l\000\040\000D\000e\000p\000l\000o\000y\000m\000e\000n\000t}{section.11}% 39
\BOOKMARK [3][-]{subsubsection.11.2.1}{\376\377\000J\000u\000s\000t\000i\000f\000i\000c\000a\000t\000i\000o\000n}{subsection.11.2}% 40
\BOOKMARK [1][-]{section.12}{\376\377\000P\000a\000r\000t\000\040\0002\000:\000\040\000S\000m\000a\000l\000l\000\040\000S\000c\000a\000l\000e\000\040\000E\000f\000f\000e\000c\000t\000s\000\040\000S\000i\000m\000u\000l\000a\000t\000i\000o\000n}{}% 41
\BOOKMARK [2][-]{subsection.12.1}{\376\377\000S\000i\000m\000u\000l\000a\000t\000i\000o\000n\000\040\000M\000e\000t\000h\000o\000d\000o\000l\000o\000g\000y}{section.12}% 42
\BOOKMARK [2][-]{subsection.12.2}{\376\377\000S\000i\000m\000u\000l\000a\000t\000i\000o\000n\000\040\000R\000e\000s\000u\000l\000t\000s}{section.12}% 43
\BOOKMARK [1][-]{section.13}{\376\377\000C\000o\000n\000c\000l\000u\000s\000i\000o\000n\000s}{}% 44
\BOOKMARK [1][-]{section.14}{\376\377\000R\000e\000f\000e\000r\000e\000n\000c\000e\000s}{}% 45
\BOOKMARK [1][-]{appendix.A}{\376\377\000P\000y\000t\000h\000o\000n\000\040\000C\000o\000d\000e\000:\000\040\000L\000i\000n\000k\000\040\000B\000u\000d\000g\000e\000t\000\040\000C\000a\000l\000c\000u\000l\000a\000t\000o\000r}{}% 46
\BOOKMARK [1][-]{appendix.B}{\376\377\000P\000y\000t\000h\000o\000n\000\040\000C\000o\000d\000e\000:\000\040\000F\000a\000s\000t\000\040\000F\000a\000d\000i\000n\000g\000\040\000S\000i\000m\000u\000l\000a\000t\000o\000r}{}% 47
